<testsuite failures="0" name="examples/users/users.feature" skipped="0" tests="2" time="3.789923">
  <testcase classname="examples.users.users" name="get all users and then get the first user by id" time="2.685395">
    <system-out>* url RestapiURL .......................................................... passed
Given path 'users' ........................................................ passed
When method get ........................................................... passed
Then status 200 ........................................................... passed
* def first = response[0] ................................................. passed
Given path 'users', first.id .............................................. passed
When method get ........................................................... passed
Then status 200 ........................................................... passed</system-out>
  </testcase>
  <testcase classname="examples.users.users" name="create a user and then get it by id" time="1.104528">
    <system-out>* url RestapiURL .......................................................... passed
Given path 'users' ........................................................ passed
When method get ........................................................... passed
Then status 200 ........................................................... passed
* def first = response[0] ................................................. passed
Given path 'users', first.id .............................................. passed
When method get ........................................................... passed
Then status 200 ........................................................... passed
* url RestapiURL .......................................................... passed
* def user = .............................................................. passed
Given url 'https://jsonplaceholder.typicode.com/users' .................... passed
And request user .......................................................... passed
When method post .......................................................... passed
Then status 201 ........................................................... passed
* def id = response.id .................................................... passed
* print 'created id is: ' + id ............................................ passed
Given path id ............................................................. passed</system-out>
  </testcase>
</testsuite>
