<?xml version="1.0" encoding="UTF-8"?>
<testng-results skipped="0" failed="0" total="1" passed="1">
  <reporter-output>
  </reporter-output>
  <suite name="Command line suite" duration-ms="5874" started-at="2019-07-23T10:02:10Z" finished-at="2019-07-23T10:02:16Z">
    <groups>
    </groups>
    <test name="Command line test" duration-ms="5874" started-at="2019-07-23T10:02:10Z" finished-at="2019-07-23T10:02:16Z">
      <class name="examples.TestSuiteKaraterunn">
        <test-method status="PASS" signature="testParallel()[pri:0, instance:examples.TestSuiteKaraterunn@3d8c7aca]" name="testParallel" duration-ms="5863" started-at="2019-07-23T12:02:10Z" finished-at="2019-07-23T12:02:16Z">
          <reporter-output>
          </reporter-output>
        </test-method> <!-- testParallel -->
      </class> <!-- examples.TestSuiteKaraterunn -->
    </test> <!-- Command line test -->
  </suite> <!-- Command line suite -->
</testng-results>
